# JRE version: OpenJDK Runtime Environment (17.0.4.1) (build 17.0.4.1+0-b2043.56-9127311)
# Java VM: OpenJDK 64-Bit Server VM (17.0.4.1+0-b2043.56-9127311, mixed mode, tiered, compressed oops, compressed class ptrs, g1 gc, windows-amd64)
GC Precious Log:
 CPUs: 4 total, 4 available
 Memory: 8048M
 Large Page Support: Disabled
 NUMA Support: Disabled
 Compressed Oops: Enabled (32-bit)
 Heap Region Size: 1M
 Heap Min Capacity: 8M
 Heap Initial Capacity: 126M
 Heap Max Capacity: 2G
 Pre-touch: Disabled
 Parallel Workers: 4
 Concurrent Workers: 1
 Concurrent Refinement Workers: 4
 Periodic GC: Disabled
Heap:
 garbage-first heap   total 386048K, used 151101K [0x0000000080000000, 0x0000000100000000)
  region size 1024K, 6 young (6144K), 6 survivors (6144K)
 Metaspace       used 168787K, committed 170304K, reserved 1204224K
  class space    used 21820K, committed 22592K, reserved 1048576K
GC Heap History (20 events):
Event: 2773.731 GC heap after
{Heap after GC invocations=80 (full 0):
 garbage-first heap   total 386048K, used 139004K [0x0000000080000000, 0x0000000100000000)
  region size 1024K, 2 young (2048K), 2 survivors (2048K)
 Metaspace       used 142947K, committed 144384K, reserved 1179648K
  class space    used 18912K, committed 19584K, reserved 1048576K
}
Event: 2773.930 GC heap before
{Heap before GC invocations=80 (full 0):
 garbage-first heap   total 386048K, used 139004K [0x0000000080000000, 0x0000000100000000)
  region size 1024K, 3 young (3072K), 2 survivors (2048K)
 Metaspace       used 142951K, committed 144384K, reserved 1179648K
  class space    used 18912K, committed 19584K, reserved 1048576K
}
Event: 2773.933 GC heap after
{Heap after GC invocations=81 (full 0):
 garbage-first heap   total 386048K, used 137848K [0x0000000080000000, 0x0000000100000000)
  region size 1024K, 1 young (1024K), 1 survivors (1024K)
 Metaspace       used 142951K, committed 144384K, reserved 1179648K
  class space    used 18912K, committed 19584K, reserved 1048576K
}
Event: 2947.444 GC heap before
{Heap before GC invocations=82 (full 0):
 garbage-first heap   total 386048K, used 323192K [0x0000000080000000, 0x0000000100000000)
  region size 1024K, 161 young (164864K), 1 survivors (1024K)
 Metaspace       used 151718K, committed 153280K, reserved 1187840K
  class space    used 19906K, committed 20672K, reserved 1048576K
}
Event: 2947.466 GC heap after
{Heap after GC invocations=83 (full 0):
 garbage-first heap   total 386048K, used 153123K [0x0000000080000000, 0x0000000100000000)
  region size 1024K, 14 young (14336K), 14 survivors (14336K)
 Metaspace       used 151718K, committed 153280K, reserved 1187840K
  class space    used 19906K, committed 20672K, reserved 1048576K
}
Event: 2947.532 GC heap before
{Heap before GC invocations=83 (full 0):
 garbage-first heap   total 386048K, used 157219K [0x0000000080000000, 0x0000000100000000)
  region size 1024K, 18 young (18432K), 14 survivors (14336K)
 Metaspace       used 151739K, committed 153280K, reserved 1187840K
  class space    used 19906K, committed 20672K, reserved 1048576K
}
Event: 2947.564 GC heap after
{Heap after GC invocations=84 (full 0):
 garbage-first heap   total 386048K, used 145880K [0x0000000080000000, 0x0000000100000000)
  region size 1024K, 2 young (2048K), 2 survivors (2048K)
 Metaspace       used 151739K, committed 153280K, reserved 1187840K
  class space    used 19906K, committed 20672K, reserved 1048576K
}
Event: 2953.247 GC heap before
{Heap before GC invocations=84 (full 0):
 garbage-first heap   total 386048K, used 208344K [0x0000000080000000, 0x0000000100000000)
  region size 1024K, 65 young (66560K), 2 survivors (2048K)
 Metaspace       used 151872K, committed 153408K, reserved 1187840K
  class space    used 19921K, committed 20672K, reserved 1048576K
}
Event: 2953.260 GC heap after
{Heap after GC invocations=85 (full 0):
 garbage-first heap   total 386048K, used 153410K [0x0000000080000000, 0x0000000100000000)
  region size 1024K, 10 young (10240K), 10 survivors (10240K)
 Metaspace       used 151872K, committed 153408K, reserved 1187840K
  class space    used 19921K, committed 20672K, reserved 1048576K
}
Event: 3052.240 GC heap before
{Heap before GC invocations=86 (full 0):
 garbage-first heap   total 386048K, used 293698K [0x0000000080000000, 0x0000000100000000)
  region size 1024K, 147 young (150528K), 10 survivors (10240K)
 Metaspace       used 160333K, committed 161856K, reserved 1196032K
  class space    used 20882K, committed 21632K, reserved 1048576K
}
Event: 3052.258 GC heap after
{Heap after GC invocations=87 (full 0):
 garbage-first heap   total 386048K, used 156107K [0x0000000080000000, 0x0000000100000000)
  region size 1024K, 12 young (12288K), 12 survivors (12288K)
 Metaspace       used 160333K, committed 161856K, reserved 1196032K
  class space    used 20882K, committed 21632K, reserved 1048576K
}
Event: 3052.355 GC heap before
{Heap before GC invocations=87 (full 0):
 garbage-first heap   total 386048K, used 162251K [0x0000000080000000, 0x0000000100000000)
  region size 1024K, 18 young (18432K), 12 survivors (12288K)
 Metaspace       used 160345K, committed 161856K, reserved 1196032K
  class space    used 20882K, committed 21632K, reserved 1048576K
}
Event: 3052.389 GC heap after
{Heap after GC invocations=88 (full 0):
 garbage-first heap   total 386048K, used 137957K [0x0000000080000000, 0x0000000100000000)
  region size 1024K, 3 young (3072K), 3 survivors (3072K)
 Metaspace       used 160345K, committed 161856K, reserved 1196032K
  class space    used 20882K, committed 21632K, reserved 1048576K
}
Event: 3052.978 GC heap before
{Heap before GC invocations=88 (full 0):
 garbage-first heap   total 386048K, used 153317K [0x0000000080000000, 0x0000000100000000)
  region size 1024K, 20 young (20480K), 3 survivors (3072K)
 Metaspace       used 160358K, committed 161920K, reserved 1196032K
  class space    used 20882K, committed 21632K, reserved 1048576K
}
Event: 3052.986 GC heap after
{Heap after GC invocations=89 (full 0):
 garbage-first heap   total 386048K, used 138522K [0x0000000080000000, 0x0000000100000000)
  region size 1024K, 4 young (4096K), 4 survivors (4096K)
 Metaspace       used 160358K, committed 161920K, reserved 1196032K
  class space    used 20882K, committed 21632K, reserved 1048576K
}
Event: 3063.434 GC heap before
{Heap before GC invocations=90 (full 0):
 garbage-first heap   total 386048K, used 311578K [0x0000000080000000, 0x0000000100000000)
  region size 1024K, 156 young (159744K), 4 survivors (4096K)
 Metaspace       used 162693K, committed 164224K, reserved 1196032K
  class space    used 21049K, committed 21824K, reserved 1048576K
}
Event: 3063.460 GC heap after
{Heap after GC invocations=91 (full 0):
 garbage-first heap   total 386048K, used 154829K [0x0000000080000000, 0x0000000100000000)
  region size 1024K, 20 young (20480K), 20 survivors (20480K)
 Metaspace       used 162693K, committed 164224K, reserved 1196032K
  class space    used 21049K, committed 21824K, reserved 1048576K
}
Event: 3063.485 GC heap before
{Heap before GC invocations=91 (full 0):
 garbage-first heap   total 386048K, used 154829K [0x0000000080000000, 0x0000000100000000)
  region size 1024K, 21 young (21504K), 20 survivors (20480K)
 Metaspace       used 162877K, committed 164416K, reserved 1196032K
  class space    used 21074K, committed 21824K, reserved 1048576K
}
Event: 3063.557 GC heap after
{Heap after GC invocations=92 (full 0):
 garbage-first heap   total 386048K, used 147754K [0x0000000080000000, 0x0000000100000000)
  region size 1024K, 2 young (2048K), 2 survivors (2048K)
 Metaspace       used 162877K, committed 164416K, reserved 1196032K
  class space    used 21074K, committed 21824K, reserved 1048576K
}
Event: 3065.611 GC heap before
{Heap before GC invocations=92 (full 0):
 garbage-first heap   total 386048K, used 206122K [0x0000000080000000, 0x0000000100000000)
  region size 1024K, 61 young (62464K), 2 survivors (2048K)
 Metaspace       used 168787K, committed 170304K, reserved 1204224K
  class space    used 21820K, committed 22592K, reserved 1048576K
}

